2024-05-21 10:24:40,489 - cammer_logger - INFO - Running CAMmer
2024-05-21 10:24:40,489 - cammer_logger - INFO - ['-l', 'F.Cu,B.Cu,F.Paste,B.Paste,F.Silkscreen,B.Silkscreen,F.Mask,B.Mask', '-e', 'Edge.Cuts,User.Comments']
2024-05-21 10:24:40,489 - cammer_logger - INFO - CAMMER START: 2024-05-21T10:24:40.489271
2024-05-21 10:24:44,274 - cammer_logger - INFO - Running CAMmer
2024-05-21 10:24:44,274 - cammer_logger - INFO - ['-l', 'F.Cu,B.Cu,F.Paste,B.Paste,F.Silkscreen,B.Silkscreen,F.Mask,B.Mask', '-e', 'Edge.Cuts,User.Comments']
2024-05-21 10:24:44,274 - cammer_logger - INFO - CAMMER START: 2024-05-21T10:24:44.274221
2024-05-21 10:24:44,882 - cammer_logger - INFO - 
START: 2024-05-21T10:24:44.274221
Deleting existing C:/Users/nathan.seidle/Dropbox/Projects/SparkFun_Qwiic_WAV_Trigger_Pro/Hardware\Production\SparkFun_Qwiic_WAV_Trigger_Pro_panelized.GTL
Renaming C:/Users/nathan.seidle/Dropbox/Projects/SparkFun_Qwiic_WAV_Trigger_Pro/Hardware\Production\SparkFun_Qwiic_WAV_Trigger_Pro_panelized-F_Cu.gbr to C:/Users/nathan.seidle/Dropbox/Projects/SparkFun_Qwiic_WAV_Trigger_Pro/Hardware\Production\SparkFun_Qwiic_WAV_Trigger_Pro_panelized.GTL
Deleting existing C:/Users/nathan.seidle/Dropbox/Projects/SparkFun_Qwiic_WAV_Trigger_Pro/Hardware\Production\SparkFun_Qwiic_WAV_Trigger_Pro_panelized.GBL
Renaming C:/Users/nathan.seidle/Dropbox/Projects/SparkFun_Qwiic_WAV_Trigger_Pro/Hardware\Production\SparkFun_Qwiic_WAV_Trigger_Pro_panelized-B_Cu.gbr to C:/Users/nathan.seidle/Dropbox/Projects/SparkFun_Qwiic_WAV_Trigger_Pro/Hardware\Production\SparkFun_Qwiic_WAV_Trigger_Pro_panelized.GBL
Deleting existing C:/Users/nathan.seidle/Dropbox/Projects/SparkFun_Qwiic_WAV_Trigger_Pro/Hardware\Production\SparkFun_Qwiic_WAV_Trigger_Pro_panelized.GTP
Renaming C:/Users/nathan.seidle/Dropbox/Projects/SparkFun_Qwiic_WAV_Trigger_Pro/Hardware\Production\SparkFun_Qwiic_WAV_Trigger_Pro_panelized-F_Paste.gbr to C:/Users/nathan.seidle/Dropbox/Projects/SparkFun_Qwiic_WAV_Trigger_Pro/Hardware\Production\SparkFun_Qwiic_WAV_Trigger_Pro_panelized.GTP
Renaming C:/Users/nathan.seidle/Dropbox/Projects/SparkFun_Qwiic_WAV_Trigger_Pro/Hardware\Production\SparkFun_Qwiic_WAV_Trigger_Pro_panelized-B_Paste.gbr to C:/Users/nathan.seidle/Dropbox/Projects/SparkFun_Qwiic_WAV_Trigger_Pro/Hardware\Production\SparkFun_Qwiic_WAV_Trigger_Pro_panelized.GBP
Renaming C:/Users/nathan.seidle/Dropbox/Projects/SparkFun_Qwiic_WAV_Trigger_Pro/Hardware\Production\SparkFun_Qwiic_WAV_Trigger_Pro_panelized-F_Silkscreen.gbr to C:/Users/nathan.seidle/Dropbox/Projects/SparkFun_Qwiic_WAV_Trigger_Pro/Hardware\Production\SparkFun_Qwiic_WAV_Trigger_Pro_panelized.GTO
Renaming C:/Users/nathan.seidle/Dropbox/Projects/SparkFun_Qwiic_WAV_Trigger_Pro/Hardware\Production\SparkFun_Qwiic_WAV_Trigger_Pro_panelized-B_Silkscreen.gbr to C:/Users/nathan.seidle/Dropbox/Projects/SparkFun_Qwiic_WAV_Trigger_Pro/Hardware\Production\SparkFun_Qwiic_WAV_Trigger_Pro_panelized.GBO
Renaming C:/Users/nathan.seidle/Dropbox/Projects/SparkFun_Qwiic_WAV_Trigger_Pro/Hardware\Production\SparkFun_Qwiic_WAV_Trigger_Pro_panelized-F_Mask.gbr to C:/Users/nathan.seidle/Dropbox/Projects/SparkFun_Qwiic_WAV_Trigger_Pro/Hardware\Production\SparkFun_Qwiic_WAV_Trigger_Pro_panelized.GTS
Renaming C:/Users/nathan.seidle/Dropbox/Projects/SparkFun_Qwiic_WAV_Trigger_Pro/Hardware\Production\SparkFun_Qwiic_WAV_Trigger_Pro_panelized-B_Mask.gbr to C:/Users/nathan.seidle/Dropbox/Projects/SparkFun_Qwiic_WAV_Trigger_Pro/Hardware\Production\SparkFun_Qwiic_WAV_Trigger_Pro_panelized.GBS
Renaming C:/Users/nathan.seidle/Dropbox/Projects/SparkFun_Qwiic_WAV_Trigger_Pro/Hardware\Production\SparkFun_Qwiic_WAV_Trigger_Pro_panelized-Edge_Cuts.gbr to C:/Users/nathan.seidle/Dropbox/Projects/SparkFun_Qwiic_WAV_Trigger_Pro/Hardware\Production\SparkFun_Qwiic_WAV_Trigger_Pro_panelized.GKO
Drill report: C:\Users\nathan.seidle\Dropbox\Projects\SparkFun_Qwiic_WAV_Trigger_Pro\Hardware\Production\drill_report.rpt

2024-05-21 10:24:46,333 - cammer_logger - INFO - CAMmer complete
