Drill report for SparkFun_Qwiic_WAV_Trigger_Pro_panelized.kicad_pcb
Created on 2024-05-21T10:24:44-0600

Copper Layer Stackup:
    =============================================================
    L1 :  F.Cu                      front
    L2 :  B.Cu                      back


Drill file 'SparkFun_Qwiic_WAV_Trigger_Pro_panelized.drl' contains
    plated through holes:
    =============================================================
    T1  0.300mm  0.0118"  (306 holes)
    T2  0.305mm  0.0120"  (531 holes)
    T3  0.600mm  0.0236"  (36 holes)  (with 36 slots)
    T4  0.650mm  0.0256"  (90 holes)
    T5  1.016mm  0.0400"  (153 holes)

    Total plated holes count 1116


Not plated through holes are merged with plated holes
    unplated through holes:
    =============================================================
    T6  0.650mm  0.0256"  (18 holes)
    T7  1.000mm  0.0394"  (18 holes)
    T8  3.302mm  0.1300"  (36 holes)

    Total unplated holes count 72
